demo/app/build/outputs/logs/manifest-merger-debug-report.txt
-- Merging decision tree log ---
manifest
ADDED from src/main/AndroidManifest.xml:2:1-45:12
	xmlns:android
		ADDED from src/main/AndroidManifest.xml:2:11-69
	package
		ADDED from src/main/AndroidManifest.xml:3:5-32
		INJECTED from src/main/AndroidManifest.xml
		INJECTED from src/main/AndroidManifest.xml
	android:versionName
		INJECTED from src/main/AndroidManifest.xml
		INJECTED from src/main/AndroidManifest.xml
	android:versionCode
		INJECTED from src/main/AndroidManifest.xml
		INJECTED from src/main/AndroidManifest.xml
permission#io.smooch.demoapp.permission.C2D_MESSAGE
ADDED from src/main/AndroidManifest.xml:6:5-8:50
	android:protectionLevel
		ADDED from src/main/AndroidManifest.xml:8:13-48
	android:name
		ADDED from src/main/AndroidManifest.xml:7:13-68
uses-permission#android.permission.WAKE_LOCK
ADDED from src/main/AndroidManifest.xml:10:5-67
	android:name
		ADDED from src/main/AndroidManifest.xml:10:22-65
uses-permission#io.smooch.demoapp.permission.C2D_MESSAGE
ADDED from src/main/AndroidManifest.xml:11:5-79
	android:name
		ADDED from src/main/AndroidManifest.xml:11:22-77
application
ADDED from src/main/AndroidManifest.xml:14:5-44:19
MERGED from [com.android.support:appcompat-v7:22.2.1] AndroidManifest.xml:22:5-20
MERGED from [com.android.support:support-v4:22.2.1] AndroidManifest.xml:22:5-20
MERGED from [com.google.android.gms:play-services-gcm:7.5.0] AndroidManifest.xml:19:5-20
MERGED from [com.google.android.gms:play-services-base:7.5.0] AndroidManifest.xml:20:5-24:19
MERGED from [com.android.support:support-v4:22.2.1] AndroidManifest.xml:22:5-20
MERGED from [io.smooch:core:2.0.0] AndroidManifest.xml:15:5-36:19
MERGED from [io.smooch:ui:2.0.0] AndroidManifest.xml:15:5-29:19
MERGED from [io.smooch:core:2.0.0] AndroidManifest.xml:15:5-36:19
MERGED from [com.android.support:appcompat-v7:22.2.1] AndroidManifest.xml:22:5-20
MERGED from [com.android.support:support-v4:22.2.1] AndroidManifest.xml:22:5-20
	android:label
		ADDED from src/main/AndroidManifest.xml:17:9-41
	android:allowBackup
		ADDED from src/main/AndroidManifest.xml:15:9-35
	android:icon
		ADDED from src/main/AndroidManifest.xml:16:9-45
	android:theme
		ADDED from src/main/AndroidManifest.xml:19:9-40
	android:name
		ADDED from src/main/AndroidManifest.xml:18:9-57
activity#io.smooch.demoapp.MainActivity
ADDED from src/main/AndroidManifest.xml:20:9-28:20
	android:screenOrientation
		ADDED from src/main/AndroidManifest.xml:22:13-49
	android:label
		ADDED from src/main/AndroidManifest.xml:23:13-45
	android:name
		ADDED from src/main/AndroidManifest.xml:21:13-58
intent-filter#android.intent.action.MAIN+android.intent.category.LAUNCHER
ADDED from src/main/AndroidManifest.xml:24:13-27:29
action#android.intent.action.MAIN
ADDED from src/main/AndroidManifest.xml:25:17-69
	android:name
		ADDED from src/main/AndroidManifest.xml:25:25-66
category#android.intent.category.LAUNCHER
ADDED from src/main/AndroidManifest.xml:26:17-77
	android:name
		ADDED from src/main/AndroidManifest.xml:26:27-74
receiver#com.google.android.gms.gcm.GcmReceiver
ADDED from src/main/AndroidManifest.xml:31:9-42:20
	android:exported
		ADDED from src/main/AndroidManifest.xml:33:17-40
	android:permission
		ADDED from src/main/AndroidManifest.xml:34:17-77
	android:name
		ADDED from src/main/AndroidManifest.xml:32:17-70
intent-filter#com.google.android.c2dm.intent.RECEIVE+io.smooch.demoapp
ADDED from src/main/AndroidManifest.xml:35:13-38:29
action#com.google.android.c2dm.intent.RECEIVE
ADDED from src/main/AndroidManifest.xml:36:17-80
	android:name
		ADDED from src/main/AndroidManifest.xml:36:25-78
category#io.smooch.demoapp
ADDED from src/main/AndroidManifest.xml:37:17-61
	android:name
		ADDED from src/main/AndroidManifest.xml:37:27-59
intent-filter#com.google.android.c2dm.intent.REGISTRATION
ADDED from src/main/AndroidManifest.xml:39:13-41:29
action#com.google.android.c2dm.intent.REGISTRATION
ADDED from src/main/AndroidManifest.xml:40:17-85
	android:name
		ADDED from src/main/AndroidManifest.xml:40:25-83
uses-sdk
INJECTED from src/main/AndroidManifest.xml reason: use-sdk injection requested
MERGED from [com.android.support:appcompat-v7:22.2.1] AndroidManifest.xml:20:5-43
MERGED from [com.android.support:support-v4:22.2.1] AndroidManifest.xml:20:5-43
MERGED from [com.google.android.gms:play-services-gcm:7.5.0] AndroidManifest.xml:18:5-42
MERGED from [com.google.android.gms:play-services-base:7.5.0] AndroidManifest.xml:18:5-42
MERGED from [com.android.support:support-v4:22.2.1] AndroidManifest.xml:20:5-43
MERGED from [io.smooch:core:2.0.0] AndroidManifest.xml:7:5-9:41
MERGED from [io.smooch:ui:2.0.0] AndroidManifest.xml:7:5-9:41
MERGED from [io.smooch:core:2.0.0] AndroidManifest.xml:7:5-9:41
MERGED from [com.android.support:appcompat-v7:22.2.1] AndroidManifest.xml:20:5-43
MERGED from [com.android.support:support-v4:22.2.1] AndroidManifest.xml:20:5-43
	android:targetSdkVersion
		INJECTED from src/main/AndroidManifest.xml
		INJECTED from src/main/AndroidManifest.xml
	android:minSdkVersion
		INJECTED from src/main/AndroidManifest.xml
		INJECTED from src/main/AndroidManifest.xml
meta-data#com.google.android.gms.version
ADDED from [com.google.android.gms:play-services-base:7.5.0] AndroidManifest.xml:21:9-23:69
	android:name
		ADDED from [com.google.android.gms:play-services-base:7.5.0] AndroidManifest.xml:22:13-58
	android:value
		ADDED from [com.google.android.gms:play-services-base:7.5.0] AndroidManifest.xml:23:13-66
uses-permission#android.permission.ACCESS_NETWORK_STATE
ADDED from [io.smooch:core:2.0.0] AndroidManifest.xml:11:5-79
MERGED from [io.smooch:ui:2.0.0] AndroidManifest.xml:11:5-79
MERGED from [io.smooch:core:2.0.0] AndroidManifest.xml:11:5-79
	android:name
		ADDED from [io.smooch:core:2.0.0] AndroidManifest.xml:11:22-76
uses-permission#android.permission.INTERNET
ADDED from [io.smooch:core:2.0.0] AndroidManifest.xml:12:5-67
MERGED from [io.smooch:ui:2.0.0] AndroidManifest.xml:12:5-67
MERGED from [io.smooch:core:2.0.0] AndroidManifest.xml:12:5-67
	android:name
		ADDED from [io.smooch:core:2.0.0] AndroidManifest.xml:12:22-64
uses-permission#com.google.android.c2dm.permission.RECEIVE
ADDED from [io.smooch:core:2.0.0] AndroidManifest.xml:13:5-82
MERGED from [io.smooch:core:2.0.0] AndroidManifest.xml:13:5-82
	android:name
		ADDED from [io.smooch:core:2.0.0] AndroidManifest.xml:13:22-79
service#io.smooch.core.service.SmoochService
ADDED from [io.smooch:core:2.0.0] AndroidManifest.xml:16:9-18:40
MERGED from [io.smooch:core:2.0.0] AndroidManifest.xml:16:9-18:40
	android:exported
		ADDED from [io.smooch:core:2.0.0] AndroidManifest.xml:18:13-37
	android:name
		ADDED from [io.smooch:core:2.0.0] AndroidManifest.xml:17:13-64
service#io.smooch.core.GcmInstanceIDListenerService
ADDED from [io.smooch:core:2.0.0] AndroidManifest.xml:19:9-25:19
MERGED from [io.smooch:core:2.0.0] AndroidManifest.xml:19:9-25:19
	android:exported
		ADDED from [io.smooch:core:2.0.0] AndroidManifest.xml:21:13-37
	android:name
		ADDED from [io.smooch:core:2.0.0] AndroidManifest.xml:20:13-71
intent-filter#com.google.android.gms.iid.InstanceID
ADDED from [io.smooch:core:2.0.0] AndroidManifest.xml:22:13-24:29
action#com.google.android.gms.iid.InstanceID
ADDED from [io.smooch:core:2.0.0] AndroidManifest.xml:23:17-80
	android:name
		ADDED from [io.smooch:core:2.0.0] AndroidManifest.xml:23:25-77
service#io.smooch.core.GcmRegistrationIntentService
ADDED from [io.smooch:core:2.0.0] AndroidManifest.xml:26:9-28:40
MERGED from [io.smooch:core:2.0.0] AndroidManifest.xml:26:9-28:40
	android:exported
		ADDED from [io.smooch:core:2.0.0] AndroidManifest.xml:28:13-37
	android:name
		ADDED from [io.smooch:core:2.0.0] AndroidManifest.xml:27:13-71
service#io.smooch.core.GcmService
ADDED from [io.smooch:core:2.0.0] AndroidManifest.xml:29:9-35:19
MERGED from [io.smooch:core:2.0.0] AndroidManifest.xml:29:9-35:19
	android:exported
		ADDED from [io.smooch:core:2.0.0] AndroidManifest.xml:31:13-37
	android:name
		ADDED from [io.smooch:core:2.0.0] AndroidManifest.xml:30:13-53
intent-filter#com.google.android.c2dm.intent.RECEIVE
ADDED from [io.smooch:core:2.0.0] AndroidManifest.xml:32:13-34:29
uses-permission#android.permission.VIBRATE
ADDED from [io.smooch:ui:2.0.0] AndroidManifest.xml:13:5-66
	android:name
		ADDED from [io.smooch:ui:2.0.0] AndroidManifest.xml:13:22-63
activity#io.smooch.ui.ConversationActivity
ADDED from [io.smooch:ui:2.0.0] AndroidManifest.xml:16:9-20:51
	android:label
		ADDED from [io.smooch:ui:2.0.0] AndroidManifest.xml:18:13-64
	android:theme
		ADDED from [io.smooch:ui:2.0.0] AndroidManifest.xml:20:13-48
	android:name
		ADDED from [io.smooch:ui:2.0.0] AndroidManifest.xml:17:13-61
	android:launchMode
		ADDED from [io.smooch:ui:2.0.0] AndroidManifest.xml:19:13-44
receiver#io.smooch.ui.notification.NotificationReceiver
ADDED from [io.smooch:ui:2.0.0] AndroidManifest.xml:22:9-28:20
	android:exported
		ADDED from [io.smooch:ui:2.0.0] AndroidManifest.xml:24:13-37
	android:name
		ADDED from [io.smooch:ui:2.0.0] AndroidManifest.xml:23:13-74
intent-filter#io.smooch.NOTIFICATION
ADDED from [io.smooch:ui:2.0.0] AndroidManifest.xml:25:13-27:29
action#io.smooch.NOTIFICATION
ADDED from [io.smooch:ui:2.0.0] AndroidManifest.xml:26:17-65
	android:name
		ADDED from [io.smooch:ui:2.0.0] AndroidManifest.xml:26:25-62